[23:44:14] [main/INFO]: Loading Minecraft 1.21.4 with Fabric Loader 0.16.14
[23:44:15] [main/INFO]: Loading 58 mods:
	- balm 21.4.37
	   \-- kuma_api 21.4.6
	- cardinal-components 6.2.2
	   |-- cardinal-components-base 6.2.2
	   |-- cardinal-components-block 6.2.2
	   |-- cardinal-components-chunk 6.2.2
	   |-- cardinal-components-entity 6.2.2
	   |-- cardinal-components-item 6.2.2
	   |-- cardinal-components-level 6.2.2
	   |-- cardinal-components-scoreboard 6.2.2
	   \-- cardinal-components-world 6.2.2
	- cloth-config 17.0.144
	   \-- cloth-basic-math 0.6.1
	- fabric-api 0.119.3+1.21.4
	   |-- fabric-api-base 0.4.54+b47eab6b04
	   |-- fabric-api-lookup-api-v1 1.6.86+b1caf1e904
	   |-- fabric-biome-api-v1 15.0.6+b1c29d8e04
	   |-- fabric-block-api-v1 1.0.31+7feeb73304
	   |-- fabric-block-view-api-v2 1.0.20+9c49cc8c04
	   |-- fabric-blockrenderlayer-v1 2.0.8+7feeb73304
	   |-- fabric-client-tags-api-v1 1.1.29+20ea1e2304
	   |-- fabric-command-api-v1 1.2.62+f71b366f04
	   |-- fabric-command-api-v2 2.2.41+e496eb1504
	   |-- fabric-commands-v0 0.2.79+df3654b304
	   |-- fabric-content-registries-v0 9.1.19+25d1a67604
	   |-- fabric-convention-tags-v1 2.1.20+7f945d5b04
	   |-- fabric-convention-tags-v2 2.14.1+aebda09404
	   |-- fabric-crash-report-info-v1 0.3.6+7feeb73304
	   |-- fabric-data-attachment-api-v1 1.6.2+e99da0f704
	   |-- fabric-data-generation-api-v1 22.3.1+0f4e5f5504
	   |-- fabric-dimensions-v1 4.0.10+7feeb73304
	   |-- fabric-entity-events-v1 2.0.15+62245bef04
	   |-- fabric-events-interaction-v0 4.0.4+a4eebcf004
	   |-- fabric-game-rule-api-v1 1.0.63+7d48d43904
	   |-- fabric-item-api-v1 11.3.0+ee91fa1f04
	   |-- fabric-item-group-api-v1 4.2.2+fcb9601404
	   |-- fabric-key-binding-api-v1 1.0.57+7d48d43904
	   |-- fabric-keybindings-v0 0.2.55+df3654b304
	   |-- fabric-lifecycle-events-v1 2.5.4+bf2a60eb04
	   |-- fabric-loot-api-v2 3.0.38+3f89f5a504
	   |-- fabric-loot-api-v3 1.0.26+203e6b2304
	   |-- fabric-message-api-v1 6.0.26+238a33c004
	   |-- fabric-model-loading-api-v1 4.3.0+ae23723504
	   |-- fabric-networking-api-v1 4.4.0+db5e668204
	   |-- fabric-object-builder-api-v1 18.0.14+38b0d59804
	   |-- fabric-particles-v1 4.0.14+7feeb73304
	   |-- fabric-recipe-api-v1 8.1.1+640e77ae04
	   |-- fabric-registry-sync-v0 6.1.11+4a9c1ece04
	   |-- fabric-renderer-api-v1 5.0.3+50f0feb204
	   |-- fabric-renderer-indigo 2.0.3+50f0feb204
	   |-- fabric-rendering-data-attachment-v1 0.3.58+73761d2e04
	   |-- fabric-rendering-fluids-v1 3.1.19+7feeb73304
	   |-- fabric-rendering-v1 10.2.1+0d31b09f04
	   |-- fabric-resource-conditions-api-v1 5.0.13+203e6b2304
	   |-- fabric-resource-loader-v0 3.1.1+360374ac04
	   |-- fabric-screen-api-v1 2.0.38+7feeb73304
	   |-- fabric-screen-handler-api-v1 1.3.118+7feeb73304
	   |-- fabric-sound-api-v1 1.0.32+7feeb73304
	   |-- fabric-tag-api-v1 1.0.7+7d48d43904
	   |-- fabric-transfer-api-v1 5.4.9+efa825c904
	   \-- fabric-transitive-access-wideners-v1 6.3.2+56e78b9b04
	- fabricloader 0.16.14
	   \-- mixinextras 0.4.1
	- java 21
	- minecraft 1.21.4
	- travelersbackpack 10.4.13
	- waystones 21.4.17
	- xaerominimap 25.2.10
[23:44:15] [main/INFO]: SpongePowered MIXIN Subsystem Version=0.8.7 Source=file:/workspaces/Pasar-la-bien/servidor_minecraft/libraries/net/fabricmc/sponge-mixin/0.15.5+mixin.0.8.7/sponge-mixin-0.15.5+mixin.0.8.7.jar Service=Knot/Fabric Env=SERVER
[23:44:16] [main/INFO]: Compatibility level set to JAVA_17
[23:44:16] [main/INFO]: Compatibility level set to JAVA_21
[23:44:17] [main/INFO]: Initializing MixinExtras via com.llamalad7.mixinextras.service.MixinExtrasServiceImpl(version=0.4.1).
[23:44:25] [main/INFO]: Registered the FluidEffect with Unique ID of minecraft:water for Water (Fluid Amount Required: 81000) with the ID 0
[23:44:25] [main/INFO]: Registered the FluidEffect with Unique ID of minecraft:lava for Lava (Fluid Amount Required: 81000) with the ID 1
[23:44:25] [main/INFO]: Registered the FluidEffect with Unique ID of travelersbackpack:potion for block.travelersbackpack.potion_still (Fluid Amount Required: 27000) with the ID 2
[23:44:25] [main/INFO]: Registered the FluidEffect with Unique ID of minecraft:milk for Air (Fluid Amount Required: 81000) with the ID 3
[23:44:25] [main/INFO]: Loading Xaero's Minimap - Stage 1/2 (Server)
[23:44:25] [main/INFO]: Environment: Environment[sessionHost=https://sessionserver.mojang.com, servicesHost=https://api.minecraftservices.com, name=PROD]
[23:44:25] [main/WARN]: Missing data pack fastchest
[23:44:25] [main/WARN]: Missing data pack malilib
[23:44:27] [main/INFO]: Loaded 1553 recipes
[23:44:27] [main/INFO]: Loaded 1664 advancements
[23:44:27] [main/INFO]: Applied 66 biome modifications to 63 of 65 new biomes in 9.984 ms
[23:44:27] [Server thread/INFO]: Starting minecraft server version 1.21.4
[23:44:27] [Server thread/INFO]: Loading properties
[23:44:27] [Server thread/INFO]: Default game type: SURVIVAL
[23:44:27] [Server thread/INFO]: Generating keypair
[23:44:28] [Server thread/INFO]: Starting Minecraft server on *:25565
[23:44:28] [Server thread/INFO]: Using epoll channel type
[23:44:28] [Server thread/INFO]: Preparing level "world"
[23:44:28] [Server thread/INFO]: Preparing start region for dimension minecraft:overworld
[23:44:32] [Worker-Main-2/INFO]: Preparing spawn area: 0%
[23:44:32] [Worker-Main-2/INFO]: Preparing spawn area: 0%
[23:44:32] [Worker-Main-2/INFO]: Preparing spawn area: 0%
[23:44:32] [Worker-Main-2/INFO]: Preparing spawn area: 0%
[23:44:32] [Worker-Main-2/INFO]: Preparing spawn area: 0%
[23:44:32] [Worker-Main-2/INFO]: Preparing spawn area: 0%
[23:44:32] [Worker-Main-2/INFO]: Preparing spawn area: 0%
[23:44:32] [Worker-Main-2/INFO]: Preparing spawn area: 0%
[23:44:32] [Worker-Main-2/INFO]: Preparing spawn area: 0%
[23:44:33] [Worker-Main-2/INFO]: Preparing spawn area: 26%
[23:44:33] [Worker-Main-3/INFO]: Preparing spawn area: 59%
[23:44:34] [Worker-Main-1/INFO]: Preparing spawn area: 97%
[23:44:34] [Server thread/INFO]: Time elapsed: 5536 ms
[23:44:34] [Server thread/INFO]: Done (5.856s)! For help, type "help"
[23:44:34] [Server thread/INFO]: Loading Xaero's Minimap - Stage 2/2 (Server)
[23:45:34] [Server thread/INFO]: Server empty for 60 seconds, pausing
